Using pre-set license
Built from '2020.3/staging' branch; Version is '2020.3.30f1 (1fb1bf06830e) revision 2077119'; Using compiler version '192528614'; Build Type 'Release'
OS: 'Windows 11  (10.0.22000) 64bit CoreSingleLanguage' Language: 'ru' Physical Memory: 7521 MB
BatchMode: 1, IsHumanControllingUs: 0, StartBugReporterOnCrash: 0, Is64bit: 1, IsPro: 0

COMMAND LINE ARGUMENTS:
C:\Program Files\Unity\Hub\Editor\2020.3.30f1\Editor\Unity.exe
-adb2
-batchMode
-noUpm
-name
AssetImportWorker0
-projectPath
C:/Users/asus6/OneDrive/Рабочий стол/database/GameKurs/GameCode
-logFile
Logs/AssetImportWorker0.log
-srvPort
62358
Successfully changed project path to: C:/Users/asus6/OneDrive/Рабочий стол/database/GameKurs/GameCode
C:/Users/asus6/OneDrive/Рабочий стол/database/GameKurs/GameCode
Using Asset Import Pipeline V2.
Refreshing native plugins compatible for Editor in 135.50 ms, found 3 plugins.
Preloading 0 native plugins for Editor in 0.00 ms.
Initialize engine version: 2020.3.30f1 (1fb1bf06830e)
[Subsystems] Discovering subsystems at path C:/Program Files/Unity/Hub/Editor/2020.3.30f1/Editor/Data/Resources/UnitySubsystems
[Subsystems] Discovering subsystems at path C:/Users/asus6/OneDrive/Рабочий стол/database/GameKurs/GameCode/Assets
GfxDevice: creating device client; threaded=0
Direct3D:
    Version:  Direct3D 11.0 [level 11.1]
    Renderer: AMD Radeon(TM) Graphics (ID=0x164c)
    Vendor:   
    VRAM:     3760 MB
    Driver:   27.20.21030.1005
Initialize mono
Mono path[0] = 'C:/Program Files/Unity/Hub/Editor/2020.3.30f1/Editor/Data/Managed'
Mono path[1] = 'C:/Program Files/Unity/Hub/Editor/2020.3.30f1/Editor/Data/MonoBleedingEdge/lib/mono/unityjit'
Mono config path = 'C:/Program Files/Unity/Hub/Editor/2020.3.30f1/Editor/Data/MonoBleedingEdge/etc'
Using monoOptions --debugger-agent=transport=dt_socket,embedding=1,server=y,suspend=n,address=127.0.0.1:56296
Begin MonoManager ReloadAssembly
Registering precompiled unity dll's ...
Register platform support module: C:/Program Files/Unity/Hub/Editor/2020.3.30f1/Editor/Data/PlaybackEngines/WebGLSupport/UnityEditor.WebGL.Extensions.dll
Register platform support module: C:/Program Files/Unity/Hub/Editor/2020.3.30f1/Editor/Data/PlaybackEngines/WindowsStandaloneSupport/UnityEditor.WindowsStandalone.Extensions.dll
Registered in 0.007535 seconds.
Native extension for WindowsStandalone target not found
Native extension for WebGL target not found
Refreshing native plugins compatible for Editor in 144.24 ms, found 3 plugins.
Preloading 0 native plugins for Editor in 0.00 ms.
Unable to find bridge dll in registry for Microsoft Visual Studio Tools for Unity for C:\Program Files (x86)\Microsoft Visual Studio\2019\Community\Common7\IDE\devenv.exe
Mono: successfully reloaded assembly
- Completed reload, in  3.142 seconds
Domain Reload Profiling:
	ReloadAssembly (3142ms)
		BeginReloadAssembly (657ms)
			ExecutionOrderSort (0ms)
			DisableScriptedObjects (0ms)
			BackupInstance (0ms)
			ReleaseScriptingObjects (0ms)
			CreateAndSetChildDomain (2ms)
		EndReloadAssembly (2176ms)
			LoadAssemblies (617ms)
			RebuildTransferFunctionScriptingTraits (0ms)
			SetupTypeCache (734ms)
			ReleaseScriptCaches (0ms)
			RebuildScriptCaches (663ms)
			SetupLoadedEditorAssemblies (492ms)
				LogAssemblyErrors (0ms)
				InitializePlatformSupportModulesInManaged (15ms)
				SetLoadedEditorAssemblies (2ms)
				RefreshPlugins (144ms)
				BeforeProcessingInitializeOnLoad (41ms)
				ProcessInitializeOnLoadAttributes (235ms)
				ProcessInitializeOnLoadMethodAttributes (54ms)
				AfterProcessingInitializeOnLoad (0ms)
				EditorAssembliesLoaded (0ms)
			ExecutionOrderSort2 (0ms)
			AwakeInstancesAfterBackupRestoration (0ms)
Platform modules already initialized, skipping
Registering precompiled user dll's ...
Registered in 0.014127 seconds.
Begin MonoManager ReloadAssembly
Native extension for WindowsStandalone target not found
Native extension for WebGL target not found
Refreshing native plugins compatible for Editor in 97.49 ms, found 3 plugins.
Preloading 0 native plugins for Editor in 0.00 ms.
Mono: successfully reloaded assembly
- Completed reload, in  2.254 seconds
Domain Reload Profiling:
	ReloadAssembly (2255ms)
		BeginReloadAssembly (297ms)
			ExecutionOrderSort (0ms)
			DisableScriptedObjects (8ms)
			BackupInstance (0ms)
			ReleaseScriptingObjects (0ms)
			CreateAndSetChildDomain (34ms)
		EndReloadAssembly (1846ms)
			LoadAssemblies (218ms)
			RebuildTransferFunctionScriptingTraits (0ms)
			SetupTypeCache (558ms)
			ReleaseScriptCaches (1ms)
			RebuildScriptCaches (90ms)
			SetupLoadedEditorAssemblies (715ms)
				LogAssemblyErrors (0ms)
				InitializePlatformSupportModulesInManaged (9ms)
				SetLoadedEditorAssemblies (0ms)
				RefreshPlugins (98ms)
				BeforeProcessingInitializeOnLoad (149ms)
				ProcessInitializeOnLoadAttributes (414ms)
				ProcessInitializeOnLoadMethodAttributes (36ms)
				AfterProcessingInitializeOnLoad (8ms)
				EditorAssembliesLoaded (0ms)
			ExecutionOrderSort2 (0ms)
			AwakeInstancesAfterBackupRestoration (12ms)
Platform modules already initialized, skipping
========================================================================
Worker process is ready to serve import requests
Launched and connected shader compiler UnityShaderCompiler.exe after 0.12 seconds
Refreshing native plugins compatible for Editor in 1.35 ms, found 3 plugins.
Preloading 0 native plugins for Editor in 0.00 ms.
Unloading 2219 Unused Serialized files (Serialized files now loaded: 0)
System memory in use before: 97.4 MB.
System memory in use after: 97.4 MB.

Unloading 30 unused Assets to reduce memory usage. Loaded Objects now: 2652.
Total: 10.024200 ms (FindLiveObjects: 0.311600 ms CreateObjectMapping: 0.148200 ms MarkObjects: 9.360100 ms  DeleteObjects: 0.202100 ms)

AssetImportParameters requested are different than current active one (requested -> active):
  custom:framework-win-MediaFoundation: 216162199b28c13a410421893ffa2e32 -> 
  custom:video-decoder-ogg-theora: a1e56fd34408186e4bbccfd4996cb3dc -> 
  custom:container-muxer-webm: aa71ff27fc2769a1b78a27578f13a17b -> 
  custom:container-demuxer-webm: 4f35f7cbe854078d1ac9338744f61a02 -> 
  custom:container-demuxer-ogg: 62fdf1f143b41e24485cea50d1cbac27 -> 
  custom:video-encoder-webm-vp8: eb34c28f22e8b96e1ab97ce403110664 -> 
  custom:video-decoder-webm-vp8: 9c59270c3fd7afecdb556c50c9e8de78 -> 
  custom:audio-decoder-ogg-vorbis: bf7c407c2cedff20999df2af8eb42d56 -> 
  custom:audio-encoder-webm-vorbis: bf7c407c2cedff20999df2af8eb42d56 -> 
========================================================================
Received Import Request.
  path: Assets/objects/sBg.png
  artifactKey: Guid(b1d89ca03e12dfa4189abab986958bf1) Importer(815301076,1909f56bfc062723c751e8b465ee728b)
Start importing Assets/objects/sBg.png using Guid(b1d89ca03e12dfa4189abab986958bf1) Importer(815301076,1909f56bfc062723c751e8b465ee728b)  -> (artifact id: '5d7688eb709af31b84831cbd16fe07c2') in 0.413002 seconds 
========================================================================
Received Import Request.
  Time since last request: 0.000611 seconds.
  path: Assets/objects/BloodAnimation/5_100x100px.png
  artifactKey: Guid(7960f11545bce00479e74fa4fa3e97bc) Importer(815301076,1909f56bfc062723c751e8b465ee728b)
Start importing Assets/objects/BloodAnimation/5_100x100px.png using Guid(7960f11545bce00479e74fa4fa3e97bc) Importer(815301076,1909f56bfc062723c751e8b465ee728b)  -> (artifact id: '190fc0d8a3c3765bebf9c981302e2551') in 0.073999 seconds 
========================================================================
Received Import Request.
  Time since last request: 0.000340 seconds.
  path: Assets/objects/sEnemy_strip7.png
  artifactKey: Guid(e323c8dc8ba2cc841890bc813cce20d8) Importer(815301076,1909f56bfc062723c751e8b465ee728b)
Start importing Assets/objects/sEnemy_strip7.png using Guid(e323c8dc8ba2cc841890bc813cce20d8) Importer(815301076,1909f56bfc062723c751e8b465ee728b)  -> (artifact id: '7c4bb8572a1c572352ade229e27ebb25') in 0.079205 seconds 
========================================================================
Received Import Request.
  Time since last request: 0.000335 seconds.
  path: Assets/objects/BloodAnimation/1_100x100px.png
  artifactKey: Guid(017f2d4717c1ab740951b7a0445127e3) Importer(815301076,1909f56bfc062723c751e8b465ee728b)
Start importing Assets/objects/BloodAnimation/1_100x100px.png using Guid(017f2d4717c1ab740951b7a0445127e3) Importer(815301076,1909f56bfc062723c751e8b465ee728b)  -> (artifact id: '8de0b8a8365e35c989d8f63b0ebf264b') in 0.160310 seconds 
========================================================================
Received Import Request.
  Time since last request: 0.000407 seconds.
  path: Assets/objects/sMap.png
  artifactKey: Guid(48651be8f839f49478bf80bfd56f3d1d) Importer(815301076,1909f56bfc062723c751e8b465ee728b)
Start importing Assets/objects/sMap.png using Guid(48651be8f839f49478bf80bfd56f3d1d) Importer(815301076,1909f56bfc062723c751e8b465ee728b)  -> (artifact id: 'c2df84c2a8e06c92370bbc9a762e4890') in 0.044917 seconds 
========================================================================
Received Import Request.
  Time since last request: 0.000352 seconds.
  path: Assets/objects/BloodAnimation/4_100x100px.png
  artifactKey: Guid(f6137a393dc77cc4f889544640c28627) Importer(815301076,1909f56bfc062723c751e8b465ee728b)
Start importing Assets/objects/BloodAnimation/4_100x100px.png using Guid(f6137a393dc77cc4f889544640c28627) Importer(815301076,1909f56bfc062723c751e8b465ee728b)  -> (artifact id: '317232db7109729e86ad56c22a8bfa38') in 0.051710 seconds 
========================================================================
Received Import Request.
  Time since last request: 0.000424 seconds.
  path: Assets/objects/animation
  artifactKey: Guid(0bab3a626d9b1ea44a5b2a7bb34f2894) Importer(815301076,1909f56bfc062723c751e8b465ee728b)
Start importing Assets/objects/animation using Guid(0bab3a626d9b1ea44a5b2a7bb34f2894) Importer(815301076,1909f56bfc062723c751e8b465ee728b)  -> (artifact id: '4c344bfe4abb41497b28001af4000d32') in 0.017478 seconds 
========================================================================
Received Import Request.
  Time since last request: 0.000336 seconds.
  path: Assets/objects/BloodAnimation/2_100x100px.png
  artifactKey: Guid(9cab1ecb186138c458a9872c30f029a5) Importer(815301076,1909f56bfc062723c751e8b465ee728b)
Start importing Assets/objects/BloodAnimation/2_100x100px.png using Guid(9cab1ecb186138c458a9872c30f029a5) Importer(815301076,1909f56bfc062723c751e8b465ee728b)  -> (artifact id: '8b1e32445b67c63aa3e1e7e6586e9669') in 0.056243 seconds 
========================================================================
Received Import Request.
  Time since last request: 0.000342 seconds.
  path: Assets/objects/sWall.png
  artifactKey: Guid(408bb671de99c034c861e2c90b31ae27) Importer(815301076,1909f56bfc062723c751e8b465ee728b)
Start importing Assets/objects/sWall.png using Guid(408bb671de99c034c861e2c90b31ae27) Importer(815301076,1909f56bfc062723c751e8b465ee728b)  -> (artifact id: '351984b77054839625d2cb2824818c1a') in 0.052667 seconds 
========================================================================
Received Import Request.
  Time since last request: 0.000572 seconds.
  path: Assets/objects/BloodAnimation/3_100x100px.png
  artifactKey: Guid(3e01cd3aa8510ed48bc4c39900b9195b) Importer(815301076,1909f56bfc062723c751e8b465ee728b)
Start importing Assets/objects/BloodAnimation/3_100x100px.png using Guid(3e01cd3aa8510ed48bc4c39900b9195b) Importer(815301076,1909f56bfc062723c751e8b465ee728b)  -> (artifact id: 'c25c5233f24c121dec89d7a1843d2dff') in 0.057226 seconds 
========================================================================
Received Import Request.
  Time since last request: 0.000347 seconds.
  path: Assets/objects/Stuff (8).prefab
  artifactKey: Guid(6e3136714399e7e48bce5993ee6c2e55) Importer(815301076,1909f56bfc062723c751e8b465ee728b)
Start importing Assets/objects/Stuff (8).prefab using Guid(6e3136714399e7e48bce5993ee6c2e55) Importer(815301076,1909f56bfc062723c751e8b465ee728b)  -> (artifact id: '663fd13b6bfd6f7191015378f1bce593') in 0.099034 seconds 
========================================================================
Received Import Request.
  Time since last request: 0.000353 seconds.
  path: Assets/objects/sEnemyDead.png
  artifactKey: Guid(16f08d0901fd6b9428bd6fb577ebe653) Importer(815301076,1909f56bfc062723c751e8b465ee728b)
Start importing Assets/objects/sEnemyDead.png using Guid(16f08d0901fd6b9428bd6fb577ebe653) Importer(815301076,1909f56bfc062723c751e8b465ee728b)  -> (artifact id: '3968ff9ead889b1c96e4ff225240b6ab') in 0.042916 seconds 
========================================================================
Received Import Request.
  Time since last request: 1.395397 seconds.
  path: Assets/objects/prefab
  artifactKey: Guid(2e74867700ca31646a2ca5394f7ccdf6) Importer(815301076,1909f56bfc062723c751e8b465ee728b)
Start importing Assets/objects/prefab using Guid(2e74867700ca31646a2ca5394f7ccdf6) Importer(815301076,1909f56bfc062723c751e8b465ee728b)  -> (artifact id: 'd94d9d5d891b32b8f2585c298e757b44') in 0.018611 seconds 
========================================================================
Received Import Request.
  Time since last request: 0.000348 seconds.
  path: Assets/objects/prefab/Enemy.prefab
  artifactKey: Guid(42b73ff89d405f64294591507df36c47) Importer(815301076,1909f56bfc062723c751e8b465ee728b)
Start importing Assets/objects/prefab/Enemy.prefab using Guid(42b73ff89d405f64294591507df36c47) Importer(815301076,1909f56bfc062723c751e8b465ee728b)  -> (artifact id: '1b59ac5866c9497dae2f13d60b8da469') in 0.056668 seconds 
========================================================================
Received Import Request.
  Time since last request: 0.000393 seconds.
  path: Assets/objects/prefab/Buff.prefab
  artifactKey: Guid(bc7e84c47d54bfd438f7e8e6475e92f9) Importer(815301076,1909f56bfc062723c751e8b465ee728b)
Start importing Assets/objects/prefab/Buff.prefab using Guid(bc7e84c47d54bfd438f7e8e6475e92f9) Importer(815301076,1909f56bfc062723c751e8b465ee728b)  -> (artifact id: '48095ee4d99d67f60e18e0ab1dd1c187') in 0.049026 seconds 
========================================================================
Received Import Request.
  Time since last request: 0.000437 seconds.
  path: Assets/objects/prefab/BuffSpawnPoint.prefab
  artifactKey: Guid(4c495acf5bd256c488e14d89d97a28fa) Importer(815301076,1909f56bfc062723c751e8b465ee728b)
Start importing Assets/objects/prefab/BuffSpawnPoint.prefab using Guid(4c495acf5bd256c488e14d89d97a28fa) Importer(815301076,1909f56bfc062723c751e8b465ee728b)  -> (artifact id: 'd624cb72e0499b708364caf3c1ac3117') in 0.026538 seconds 
========================================================================
Received Import Request.
  Time since last request: 0.000491 seconds.
  path: Assets/objects/prefab/sBullet.prefab
  artifactKey: Guid(8dfd0241f27a07841baf205d7ca882e1) Importer(815301076,1909f56bfc062723c751e8b465ee728b)
Start importing Assets/objects/prefab/sBullet.prefab using Guid(8dfd0241f27a07841baf205d7ca882e1) Importer(815301076,1909f56bfc062723c751e8b465ee728b)  -> (artifact id: '62ba15cebaa8fc32e034378c7902dc72') in 0.039178 seconds 
========================================================================
Received Import Request.
  Time since last request: 0.000413 seconds.
  path: Assets/objects/prefab/player 1.prefab
  artifactKey: Guid(b07d8c5e3fd794743ad1b27ddc4fbbe8) Importer(815301076,1909f56bfc062723c751e8b465ee728b)
Start importing Assets/objects/prefab/player 1.prefab using Guid(b07d8c5e3fd794743ad1b27ddc4fbbe8) Importer(815301076,1909f56bfc062723c751e8b465ee728b)  -> (artifact id: 'fc140cc7c3ab14b8ac3499eaf324f8f5') in 0.047183 seconds 
========================================================================
Received Import Request.
  Time since last request: 0.000497 seconds.
  path: Assets/objects/prefab/bg.prefab
  artifactKey: Guid(3d024bd75e02e6345b0adf69330c67fd) Importer(815301076,1909f56bfc062723c751e8b465ee728b)
Start importing Assets/objects/prefab/bg.prefab using Guid(3d024bd75e02e6345b0adf69330c67fd) Importer(815301076,1909f56bfc062723c751e8b465ee728b)  -> (artifact id: '1660d87556889a62d0b50e8236793761') in 0.040939 seconds 
AssetImportWorkerClient::OnTransportError - code=2 error=End of file
